0 info it worked if it ends with ok
1 verbose cli [ '/usr/bin/nodejs', '/usr/bin/npm', 'install', '-g', 'bower' ]
2 info using npm@2.14.12
3 info using node@v4.2.4
4 verbose install initial load of /usr/lib/package.json
5 verbose readDependencies loading dependencies from /usr/lib/package.json
6 silly cache add args [ 'bower', null ]
7 verbose cache add spec bower
8 silly cache add parsed spec Result {
8 silly cache add   raw: 'bower',
8 silly cache add   scope: null,
8 silly cache add   name: 'bower',
8 silly cache add   rawSpec: '',
8 silly cache add   spec: 'latest',
8 silly cache add   type: 'tag' }
9 silly addNamed bower@latest
10 verbose addNamed "latest" is being treated as a dist-tag for bower
11 info addNameTag [ 'bower', 'latest' ]
12 silly mapToRegistry name bower
13 silly mapToRegistry using default registry
14 silly mapToRegistry registry https://registry.npmjs.org/
15 silly mapToRegistry uri https://registry.npmjs.org/bower
16 verbose addNameTag registry:https://registry.npmjs.org/bower not in flight; fetching
17 verbose request uri https://registry.npmjs.org/bower
18 verbose request no auth needed
19 info attempt registry request try #1 at 1:07:27 PM
20 verbose request id ba9bc2f79fe73835
21 verbose etag "20VSH0T3JMM1KW8FXN2JSN8Q9"
22 http request GET https://registry.npmjs.org/bower
23 http 200 https://registry.npmjs.org/bower
24 verbose headers { server: 'CouchDB/1.5.0 (Erlang OTP/R16B03)',
24 verbose headers   etag: '"2S4UBPOB2W8KVNXB66018V1B8"',
24 verbose headers   'content-type': 'application/json',
24 verbose headers   'cache-control': 'max-age=300',
24 verbose headers   'content-length': '169119',
24 verbose headers   'accept-ranges': 'bytes',
24 verbose headers   date: 'Fri, 26 Feb 2016 07:37:28 GMT',
24 verbose headers   via: '1.1 varnish',
24 verbose headers   age: '266',
24 verbose headers   connection: 'keep-alive',
24 verbose headers   'x-served-by': 'cache-sin6922-SIN',
24 verbose headers   'x-cache': 'HIT',
24 verbose headers   'x-cache-hits': '7',
24 verbose headers   'x-timer': 'S1456472248.235616,VS0,VE0',
24 verbose headers   vary: 'Accept' }
25 silly get cb [ 200,
25 silly get   { server: 'CouchDB/1.5.0 (Erlang OTP/R16B03)',
25 silly get     etag: '"2S4UBPOB2W8KVNXB66018V1B8"',
25 silly get     'content-type': 'application/json',
25 silly get     'cache-control': 'max-age=300',
25 silly get     'content-length': '169119',
25 silly get     'accept-ranges': 'bytes',
25 silly get     date: 'Fri, 26 Feb 2016 07:37:28 GMT',
25 silly get     via: '1.1 varnish',
25 silly get     age: '266',
25 silly get     connection: 'keep-alive',
25 silly get     'x-served-by': 'cache-sin6922-SIN',
25 silly get     'x-cache': 'HIT',
25 silly get     'x-cache-hits': '7',
25 silly get     'x-timer': 'S1456472248.235616,VS0,VE0',
25 silly get     vary: 'Accept' } ]
26 verbose get saving bower to /home/anees/.npm/registry.npmjs.org/bower/.cache.json
27 silly addNameTag next cb for bower with tag latest
28 silly addNamed bower@1.7.7
29 verbose addNamed "1.7.7" is a plain semver version for bower
30 silly mapToRegistry name bower
31 silly mapToRegistry using default registry
32 silly mapToRegistry registry https://registry.npmjs.org/
33 silly mapToRegistry uri https://registry.npmjs.org/bower
34 verbose addRemoteTarball https://registry.npmjs.org/bower/-/bower-1.7.7.tgz not in flight; adding
35 verbose addRemoteTarball [ 'https://registry.npmjs.org/bower/-/bower-1.7.7.tgz',
35 verbose addRemoteTarball   '2fd7ff3ebdcba5a8ffcd84c397c8fdfe9f825f92' ]
36 info retry fetch attempt 1 at 1:07:28 PM
37 info attempt registry request try #1 at 1:07:28 PM
38 http fetch GET https://registry.npmjs.org/bower/-/bower-1.7.7.tgz
39 http fetch 200 https://registry.npmjs.org/bower/-/bower-1.7.7.tgz
40 silly fetchAndShaCheck shasum 2fd7ff3ebdcba5a8ffcd84c397c8fdfe9f825f92
41 verbose addTmpTarball /tmp/npm-7026-e42e4d90/registry.npmjs.org/bower/-/bower-1.7.7.tgz not in flight; adding
42 verbose addTmpTarball already have metadata; skipping unpack for bower@1.7.7
43 silly cache afterAdd bower@1.7.7
44 verbose afterAdd /home/anees/.npm/bower/1.7.7/package/package.json not in flight; writing
45 verbose afterAdd /home/anees/.npm/bower/1.7.7/package/package.json written
46 silly install resolved [ { name: 'bower',
46 silly install resolved     version: '1.7.7',
46 silly install resolved     description: 'The browser package manager',
46 silly install resolved     author: { name: 'Twitter' },
46 silly install resolved     license: 'MIT',
46 silly install resolved     repository: { type: 'git', url: 'git+https://github.com/bower/bower.git' },
46 silly install resolved     main: 'lib',
46 silly install resolved     bin: { bower: 'bin/bower' },
46 silly install resolved     homepage: 'http://bower.io',
46 silly install resolved     engines: { node: '>=0.10.0' },
46 silly install resolved     keywords: [ 'bower' ],
46 silly install resolved     files: [ 'bin', 'lib' ],
46 silly install resolved     bugs: { url: 'https://github.com/bower/bower/issues' },
46 silly install resolved     _id: 'bower@1.7.7',
46 silly install resolved     scripts: {},
46 silly install resolved     _shasum: '2fd7ff3ebdcba5a8ffcd84c397c8fdfe9f825f92',
46 silly install resolved     _from: 'bower@latest',
46 silly install resolved     _npmVersion: '3.5.3',
46 silly install resolved     _nodeVersion: '4.1.1',
46 silly install resolved     _npmUser: { name: 'sheerun', email: 'sheerun@sher.pl' },
46 silly install resolved     dist:
46 silly install resolved      { shasum: '2fd7ff3ebdcba5a8ffcd84c397c8fdfe9f825f92',
46 silly install resolved        tarball: 'http://registry.npmjs.org/bower/-/bower-1.7.7.tgz' },
46 silly install resolved     maintainers:
46 silly install resolved      [ [Object],
46 silly install resolved        [Object],
46 silly install resolved        [Object],
46 silly install resolved        [Object],
46 silly install resolved        [Object],
46 silly install resolved        [Object],
46 silly install resolved        [Object] ],
46 silly install resolved     directories: {},
46 silly install resolved     _resolved: 'https://registry.npmjs.org/bower/-/bower-1.7.7.tgz' } ]
47 info install bower@1.7.7 into /usr/lib
48 info installOne bower@1.7.7
49 verbose installOne of bower to /usr/lib not in flight; installing
50 verbose lock using /home/anees/.npm/_locks/bower-f46d670cb56ecd4d.lock for /usr/lib/node_modules/bower
51 silly install write writing bower 1.7.7 to /usr/lib/node_modules/bower
52 verbose unbuild lib/node_modules/bower
53 info preuninstall bower@1.7.2
54 info uninstall bower@1.7.2
55 verbose unbuild rmStuff bower@1.7.2 from /usr/lib/node_modules
56 silly gentlyRm /usr/bin/bower is being gently removed
57 silly gentlyRm verifying /usr is an npm working directory
58 silly gentlyRm containing path /usr is under npm's control, in /usr
59 silly gentlyRm deletion target /usr/bin/bower is under /usr
60 verbose gentlyRm vacuuming from /usr/bin/bower up to /usr
61 silly vacuum-fs removing /usr/bin/bower
62 verbose unlock done using /home/anees/.npm/_locks/bower-f46d670cb56ecd4d.lock for /usr/lib/node_modules/bower
63 verbose stack Error: EACCES: permission denied, unlink '/usr/bin/bower'
63 verbose stack     at Error (native)
64 verbose cwd /home/anees/angular-rails2
65 error Linux 3.13.0-34-generic
66 error argv "/usr/bin/nodejs" "/usr/bin/npm" "install" "-g" "bower"
67 error node v4.2.4
68 error npm  v2.14.12
69 error path /usr/bin/bower
70 error code EACCES
71 error errno -13
72 error syscall unlink
73 error Error: EACCES: permission denied, unlink '/usr/bin/bower'
73 error     at Error (native)
73 error  { [Error: EACCES: permission denied, unlink '/usr/bin/bower']
73 error   errno: -13,
73 error   code: 'EACCES',
73 error   syscall: 'unlink',
73 error   path: '/usr/bin/bower' }
74 error Please try running this command again as root/Administrator.
75 verbose exit [ -13, true ]
76 verbose unbuild lib/node_modules/bower
77 info preuninstall bower@1.7.2
78 info uninstall bower@1.7.2
79 verbose unbuild rmStuff bower@1.7.2 from /usr/lib/node_modules
80 silly gentlyRm /usr/bin/bower is being gently removed
81 silly gentlyRm verifying /usr is an npm working directory
82 silly gentlyRm containing path /usr is under npm's control, in /usr
83 silly gentlyRm deletion target /usr/bin/bower is under /usr
84 verbose gentlyRm vacuuming from /usr/bin/bower up to /usr
85 silly vacuum-fs removing /usr/bin/bower
86 error error rolling back Error: EACCES: permission denied, unlink '/usr/bin/bower'
86 error error rolling back     at Error (native)
86 error error rolling back  { [Error: EACCES: permission denied, unlink '/usr/bin/bower']
86 error error rolling back   errno: -13,
86 error error rolling back   code: 'EACCES',
86 error error rolling back   syscall: 'unlink',
86 error error rolling back   path: '/usr/bin/bower' }
